speechDemo/build/outputs/logs/manifest-merger-debug-report.txt
-- Merging decision tree log ---
manifest
ADDED from src\main\AndroidManifest.xml:2:1-108:12
	package
		ADDED from src\main\AndroidManifest.xml:3:5-26
		INJECTED from src\main\AndroidManifest.xml
		INJECTED from src\main\AndroidManifest.xml
	android:versionName
		ADDED from src\main\AndroidManifest.xml:5:5-40
		INJECTED from src\main\AndroidManifest.xml
		INJECTED from src\main\AndroidManifest.xml
	android:versionCode
		ADDED from src\main\AndroidManifest.xml:4:5-28
		INJECTED from src\main\AndroidManifest.xml
		INJECTED from src\main\AndroidManifest.xml
	xmlns:android
		ADDED from src\main\AndroidManifest.xml:2:11-69
application
ADDED from src\main\AndroidManifest.xml:7:5-90:19
MERGED from [com.android.support:support-v4:23.4.0] AndroidManifest.xml:22:5-20
	android:label
		ADDED from src\main\AndroidManifest.xml:9:9-31
	android:icon
		ADDED from src\main\AndroidManifest.xml:8:9-38
activity#com.iflytek.voicedemo.MainActivity
ADDED from src\main\AndroidManifest.xml:10:9-21:20
	android:screenOrientation
		ADDED from src\main\AndroidManifest.xml:15:13-49
	android:label
		ADDED from src\main\AndroidManifest.xml:14:13-35
	android:configChanges
		ADDED from src\main\AndroidManifest.xml:12:13-133
	android:icon
		ADDED from src\main\AndroidManifest.xml:13:13-42
	android:name
		ADDED from src\main\AndroidManifest.xml:11:13-62
intent-filter#android.intent.action.MAIN+android.intent.category.LAUNCHER
ADDED from src\main\AndroidManifest.xml:16:13-20:29
action#android.intent.action.MAIN
ADDED from src\main\AndroidManifest.xml:17:17-69
	android:name
		ADDED from src\main\AndroidManifest.xml:17:25-66
category#android.intent.category.LAUNCHER
ADDED from src\main\AndroidManifest.xml:19:17-77
	android:name
		ADDED from src\main\AndroidManifest.xml:19:27-74
activity#com.iflytek.speech.setting.TtsSettings
ADDED from src\main\AndroidManifest.xml:22:9-23:20
	android:name
		ADDED from src\main\AndroidManifest.xml:22:19-72
activity#com.iflytek.speech.setting.IatSettings
ADDED from src\main\AndroidManifest.xml:24:9-25:20
	android:name
		ADDED from src\main\AndroidManifest.xml:24:19-72
activity#com.iflytek.voicedemo.IatDemo
ADDED from src\main\AndroidManifest.xml:26:9-30:20
	android:screenOrientation
		ADDED from src\main\AndroidManifest.xml:29:13-49
	android:configChanges
		ADDED from src\main\AndroidManifest.xml:28:13-133
	android:name
		ADDED from src\main\AndroidManifest.xml:27:13-57
activity#com.iflytek.voicedemo.AsrDemo
ADDED from src\main\AndroidManifest.xml:31:9-35:20
	android:screenOrientation
		ADDED from src\main\AndroidManifest.xml:34:13-49
	android:configChanges
		ADDED from src\main\AndroidManifest.xml:33:13-133
	android:name
		ADDED from src\main\AndroidManifest.xml:32:13-57
activity#com.iflytek.voicedemo.TtsDemo
ADDED from src\main\AndroidManifest.xml:36:9-40:20
	android:screenOrientation
		ADDED from src\main\AndroidManifest.xml:39:13-49
	android:configChanges
		ADDED from src\main\AndroidManifest.xml:38:13-133
	android:name
		ADDED from src\main\AndroidManifest.xml:37:13-57
activity#com.iflytek.voicedemo.IseDemo
ADDED from src\main\AndroidManifest.xml:41:9-45:20
	android:screenOrientation
		ADDED from src\main\AndroidManifest.xml:44:13-49
	android:configChanges
		ADDED from src\main\AndroidManifest.xml:43:13-133
	android:name
		ADDED from src\main\AndroidManifest.xml:42:13-57
activity#com.iflytek.voicedemo.vocalverify.VocalVerifyDemo
ADDED from src\main\AndroidManifest.xml:46:9-50:20
	android:screenOrientation
		ADDED from src\main\AndroidManifest.xml:49:13-49
	android:configChanges
		ADDED from src\main\AndroidManifest.xml:48:13-133
	android:name
		ADDED from src\main\AndroidManifest.xml:47:13-77
activity#com.iflytek.voicedemo.faceonline.OnlineFaceDemo
ADDED from src\main\AndroidManifest.xml:51:9-55:20
	android:screenOrientation
		ADDED from src\main\AndroidManifest.xml:54:13-49
	android:configChanges
		ADDED from src\main\AndroidManifest.xml:53:13-133
	android:name
		ADDED from src\main\AndroidManifest.xml:52:13-75
activity#com.iflytek.voicedemo.IdentifyGroup.GroupManagerActivity
ADDED from src\main\AndroidManifest.xml:56:9-60:20
	android:screenOrientation
		ADDED from src\main\AndroidManifest.xml:59:13-49
	android:configChanges
		ADDED from src\main\AndroidManifest.xml:58:13-133
	android:name
		ADDED from src\main\AndroidManifest.xml:57:13-84
activity#com.iflytek.voicedemo.IdentifyGroup.FaceIdentifyActivity
ADDED from src\main\AndroidManifest.xml:61:9-65:20
	android:screenOrientation
		ADDED from src\main\AndroidManifest.xml:64:13-49
	android:configChanges
		ADDED from src\main\AndroidManifest.xml:63:13-133
	android:name
		ADDED from src\main\AndroidManifest.xml:62:13-84
activity#com.iflytek.voicedemo.IdentifyGroup.VocalIdentifyActivity
ADDED from src\main\AndroidManifest.xml:66:9-70:20
	android:screenOrientation
		ADDED from src\main\AndroidManifest.xml:69:13-49
	android:configChanges
		ADDED from src\main\AndroidManifest.xml:68:13-133
	android:name
		ADDED from src\main\AndroidManifest.xml:67:13-85
activity#com.iflytek.voicedemo.IdentifyGroup.ResultIdentifyActivity
ADDED from src\main\AndroidManifest.xml:71:9-75:20
	android:screenOrientation
		ADDED from src\main\AndroidManifest.xml:74:13-49
	android:configChanges
		ADDED from src\main\AndroidManifest.xml:73:13-133
	android:name
		ADDED from src\main\AndroidManifest.xml:72:13-86
activity#com.iflytek.speech.setting.IseSettings
ADDED from src\main\AndroidManifest.xml:76:9-80:20
	android:screenOrientation
		ADDED from src\main\AndroidManifest.xml:79:13-49
	android:configChanges
		ADDED from src\main\AndroidManifest.xml:78:13-133
	android:name
		ADDED from src\main\AndroidManifest.xml:77:13-66
meta-data#IFLYTEK_APPKEY
ADDED from src\main\AndroidManifest.xml:82:9-84:42
	android:value
		ADDED from src\main\AndroidManifest.xml:84:13-29
	android:name
		ADDED from src\main\AndroidManifest.xml:83:13-42
meta-data#IFLYTEK_CHANNEL
ADDED from src\main\AndroidManifest.xml:85:9-87:44
	android:value
		ADDED from src\main\AndroidManifest.xml:87:13-41
	android:name
		ADDED from src\main\AndroidManifest.xml:86:13-43
uses-sdk
ADDED from src\main\AndroidManifest.xml:92:5-43
MERGED from [com.android.support:support-v4:23.4.0] AndroidManifest.xml:20:5-43
	android:targetSdkVersion
		INJECTED from src\main\AndroidManifest.xml
		INJECTED from src\main\AndroidManifest.xml
	android:minSdkVersion
		ADDED from src\main\AndroidManifest.xml:92:15-40
		INJECTED from src\main\AndroidManifest.xml
		INJECTED from src\main\AndroidManifest.xml
uses-permission#android.permission.RECORD_AUDIO
ADDED from src\main\AndroidManifest.xml:94:5-71
	android:name
		ADDED from src\main\AndroidManifest.xml:94:22-68
uses-permission#android.permission.INTERNET
ADDED from src\main\AndroidManifest.xml:95:5-67
	android:name
		ADDED from src\main\AndroidManifest.xml:95:22-64
uses-permission#android.permission.ACCESS_NETWORK_STATE
ADDED from src\main\AndroidManifest.xml:96:5-79
	android:name
		ADDED from src\main\AndroidManifest.xml:96:22-76
uses-permission#android.permission.ACCESS_WIFI_STATE
ADDED from src\main\AndroidManifest.xml:97:5-76
	android:name
		ADDED from src\main\AndroidManifest.xml:97:22-73
uses-permission#android.permission.CHANGE_NETWORK_STATE
ADDED from src\main\AndroidManifest.xml:98:5-79
	android:name
		ADDED from src\main\AndroidManifest.xml:98:22-76
uses-permission#android.permission.READ_PHONE_STATE
ADDED from src\main\AndroidManifest.xml:99:5-75
	android:name
		ADDED from src\main\AndroidManifest.xml:99:22-72
uses-permission#android.permission.ACCESS_FINE_LOCATION
ADDED from src\main\AndroidManifest.xml:100:5-79
	android:name
		ADDED from src\main\AndroidManifest.xml:100:22-76
uses-permission#android.permission.READ_CONTACTS
ADDED from src\main\AndroidManifest.xml:101:5-72
	android:name
		ADDED from src\main\AndroidManifest.xml:101:22-69
uses-permission#android.permission.WRITE_EXTERNAL_STORAGE
ADDED from src\main\AndroidManifest.xml:102:5-81
	android:name
		ADDED from src\main\AndroidManifest.xml:102:22-78
uses-permission#android.permission.WRITE_SETTINGS
ADDED from src\main\AndroidManifest.xml:103:2-70
	android:name
		ADDED from src\main\AndroidManifest.xml:103:19-67
uses-permission#android.permission.READ_EXTERNAL_STORAGE
ADDED from src\main\AndroidManifest.xml:104:2-77
	android:name
		ADDED from src\main\AndroidManifest.xml:104:19-74
uses-permission#android.permission.ACCESS_COARSE_LOCATION
ADDED from src\main\AndroidManifest.xml:106:5-81
	android:name
		ADDED from src\main\AndroidManifest.xml:106:22-78